[3, 8, 14]

[13, 12, 11, 0, 13, 14, 0, 0, 0, 0, 0, 0, 0, 0, 0]
[12, 11, 10, 0, 12, 13, 14, 0, 0, 0, 0, 0, 0, 0, 0]
[0, 0, 9, 10, 11, 12, 13, 14, 0, 0, 0, 0, 0, 0, 0]
[0, 0, 8, 9, 10, 11, 12, 13, 14, 0, 0, 0, 0, 0, 0]
[9, 8, 7, 8, 9, 10, 0, 0, 13, 0, 0, 0, 0, 0, 0]
[8, 7, 6, 7, 8, 9, 0, 0, 12, 0, 0, 0, 0, 0, 0]
[7, 6, 5, 6, 0, 0, 0, 0, 11, 0, 0, 0, 0, 0, 0]
[6, 5, 4, 5, 6, 7, 8, 9, 10, 0, 0, 0, 0, 0, 0]
[0, 0, 3, 0, 0, 0, 9, 10, 11, 0, 0, 0, 0, 0, 0]
[0, 1, 2, 0, 0, 0, 10, 11, 12, 0, 0, 0, 0, 0, 0]

[9, 1] [9, 0, 0]
[9, 2] [9, 1]
[8, 2] [9, 2]
[7, 2] [8, 2]
[[-1, 0, '^'], [0, -1, '<'], [0, 1, '>']] [7, 2] [8, 2]
[6, 2] [7, 2]
[[-1, 0, '^'], [0, -1, '<'], [0, 1, '>']] [6, 2] [7, 2]
[5, 2] [6, 2]
[[-1, 0, '^'], [0, -1, '<'], [0, 1, '>']] [5, 2] [6, 2]
[4, 2] [5, 2]
[[-1, 0, '^'], [0, -1, '<'], [0, 1, '>']] [4, 2] [5, 2]
[3, 2] [4, 2]
[[-1, 0, '^'], [0, 1, '>']] [3, 2] [4, 2]
[2, 2] [3, 2]
[[-1, 0, '^'], [0, 1, '>']] [2, 2] [3, 2]
[1, 2] [2, 2]
[[-1, 0, '^'], [0, -1, '<']] [1, 2] [2, 2]
[0, 2] [1, 2]
[0, 1] [0, 2]
[0, 0] [0, 1]
*************
[1, 2]
[1, 1]
[[-1, 0, '^'], [0, -1, '<']] [1, 1] [2, 2]
[0, 1] [1, 1]
[0, 0] [0, 1]
*************
[1, 1]
[1, 0]
[0, 0] [1, 0]
*************
[1, 1]
