[7, 4] [-1, 0, '^'] [0, 1, 2, 3]
[7, 3] [0, -1, '<'] [1, 2, 3, 0]
[7, 4] [0, 1, '>'] [0, 1, 2, 3]
[6, 4] [-1, 0, '^'] [0, 1, 2, 3]
[5, 4] [-1, 0, '^'] [0, 1, 2, 3]
[5, 3] [0, -1, '<'] [1, 2, 3, 0]
[5, 4] [0, 1, '>'] [0, 1, 2, 3]
[5, 5] [0, 1, '>'] [0, 1, 2, 3]
[5, 6] [0, 1, '>'] [0, 1, 2, 3]
[5, 7] [0, 1, '>'] [0, 1, 2, 3]
[5, 6] [0, -1, '<'] [1, 2, 3, 0]
[4, 6] [-1, 0, '^'] [0, 1, 2, 3]
[3, 6] [-1, 0, '^'] [0, 1, 2, 3]
[3, 5] [0, -1, '<'] [1, 2, 3, 0]
[2, 5] [-1, 0, '^'] [0, 1, 2, 3]
[3, 5] [1, 0, 'v'] [2, 3, 0, 1]
[3, 4] [0, -1, '<'] [2, 3, 0, 1]
[3, 3] [0, -1, '<'] [2, 3, 0, 1]
[2, 3] [-1, 0, '^'] [0, 1, 2, 3]
[3, 3] [1, 0, 'v'] [2, 3, 0, 1]
[3, 4] [0, 1, '>'] [1, 2, 3, 0]
[0, -1, '<'] [2, 3, 0, 1]
[3, 3] [0, -1, '<'] [2, 3, 0, 1]
[2, 3] [-1, 0, '^'] [0, 1, 2, 3]
[1, 3] [-1, 0, '^'] [0, 1, 2, 3]
[1, 2] [0, -1, '<'] [1, 2, 3, 0]
[1, 3] [0, 1, '>'] [0, 1, 2, 3]
[0, 3] [-1, 0, '^'] [0, 1, 2, 3]
Found Goal
[9, 9, 1, 0, 9, 9, 9, 9, 9]
[9, 9, 0, 0, 1, 9, 9, 9, 9]
[9, 9, 1, 0, 1, 0, 1, 9, 9]
[9, 9, 1, 0, 0, 0, 0, 0, 9]
[9, 9, 9, 1, 1, 1, 0, 1, 9]
[9, 9, 9, 0, 0, 0, 0, 0, 1]
[9, 9, 9, 1, 0, 1, 1, 9, 9]
[9, 9, 9, 0, 0, 1, 9, 9, 9]
[9, 9, 9, 1, 0, 1, 9, 9, 9]
************************************************
[0, 0, 0, 0, 0, 0, 0, 0, 0]
[0, 0, 1, 2, 0, 0, 0, 0, 0]
[0, 0, 0, 2, 0, 1, 0, 0, 0]
[0, 0, 0, 3, 3, 2, 1, 0, 0]
[0, 0, 0, 0, 0, 0, 1, 0, 0]
[0, 0, 0, 1, 2, 1, 2, 1, 0]
[0, 0, 0, 0, 1, 0, 0, 0, 0]
[0, 0, 0, 1, 2, 0, 0, 0, 0]
[0, 0, 0, 0, 1, 0, 0, 0, 0]
