######## latest
Grid World

[[0, 1, 0, 0, 0, 0],
 [0, 1, 0, 1, 1, 0],
 [0, 1, 0, 1, 0, 0],
 [0, 0, 0, 1, 0, 1],
 [0, 1, 0, 1, 0, 0]] 

[0, 1, 0, 11, 12, 13]
[1, 2, 0, 10, 11, 12]
[2, 3, 0, 9, 0, 13]
[3, 4, 0, 8, 0, 14]
[4, 5, 6, 7, 0, 15]
['>', 'v', ' ', ' ', ' ', ' ']
[' ', 'v', ' ', '>', '>', 'v']
[' ', 'v', ' ', '^', ' ', 'v']
[' ', 'v', ' ', '^', ' ', 'v']
[' ', '>', '>', '^', ' ', 'g']
[[0, 0, 0]] 	0
[[1, 0, 1]] 	1
[[2, 0, 2]] 	2
[[3, 0, 3]] 	3
[[4, 0, 4], [3, 1, 4]] 	4
[[3, 1, 4]] 	5
[[3, 2, 5]] 	6
[[2, 2, 6], [4, 2, 6]] 	7
[[4, 2, 6], [1, 2, 7]] 	8
[[1, 2, 7]] 	9
[[0, 2, 8]] 	10
[[0, 3, 9]] 	11
[[0, 4, 10]] 	12
[[0, 5, 11]] 	13
[[1, 5, 12]] 	14
[[2, 5, 13]] 	15
[[2, 4, 14]] 	16
[[3, 4, 15]] 	17
[[4, 4, 16]] 	18
[4, 5, 17]

[0, 0, 8, 9, 10, 11]
[1, 0, 7, 0, 0, 12]
[2, 0, 6, 0, 14, 13]
[3, 4, 5, 0, 15, 0]
[4, 0, 6, 0, 16, 17]
['v', ' ', '>', '>', '>', 'v']
['v', ' ', '^', ' ', ' ', 'v']
['v', ' ', '^', ' ', 'v', '<']
['v', '>', '^', ' ', 'v', ' ']
[' ', ' ', ' ', ' ', '>', 'g']
[5, 4, 10]

[1, 0, 1, 2, 0, 0]
[2, 1, 2, 3, 4, 0]
[3, 0, 0, 4, 5, 6]
[4, 5, 0, 0, 0, 7]
[5, 6, 0, 10, 9, 8]
[0, 7, 8, 9, 10, 9]
[0, 0, 9, 10, 0, 0]
[[0, -1, '<'], [1, 0, 'v'], [0, 1, '>']] [0, 1, 0] [0, 1, 0]
[0, 0] [0, 1, 0]
[1, 0] [0, 0]
[2, 0] [1, 0]
[3, 0] [2, 0]
[[1, 0, 'v'], [0, 1, '>']] [3, 0] [2, 0]
[4, 0] [3, 0]
[4, 1] [4, 0]
[5, 1] [4, 1]
[5, 2] [5, 1]
[[1, 0, 'v'], [0, 1, '>']] [5, 2] [5, 1]
[6, 2] [5, 2]
[6, 3] [6, 2]
*************
[5, 2]
[5, 3]
[[-1, 0, '^'], [1, 0, 'v'], [0, 1, '>']] [5, 3] [5, 1]
[4, 3] [5, 3]
*************
[5, 3]
[6, 3]
*************
[5, 3]
[5, 4]
['v', '<', ' ', ' ', ' ', ' ']
['v', ' ', ' ', ' ', ' ', ' ']
['v', ' ', ' ', ' ', ' ', ' ']
['v', ' ', ' ', ' ', ' ', ' ']
['>', 'v', ' ', ' ', ' ', ' ']
[' ', '>', '>', '>', 'g', ' ']
[' ', ' ', '>', ' ', ' ', ' ']

#######################################
[3, 8, 14]

[13, 12, 11, 0, 13, 14, 0, 0, 0, 0, 0, 0, 0, 0, 0]
[12, 11, 10, 0, 12, 13, 14, 0, 0, 0, 0, 0, 0, 0, 0]
[0, 0, 9, 10, 11, 12, 13, 14, 0, 0, 0, 0, 0, 0, 0]
[0, 0, 8, 9, 10, 11, 12, 13, 14, 0, 0, 0, 0, 0, 0]
[9, 8, 7, 8, 9, 10, 0, 0, 13, 0, 0, 0, 0, 0, 0]
[8, 7, 6, 7, 8, 9, 0, 0, 12, 0, 0, 0, 0, 0, 0]
[7, 6, 5, 6, 0, 0, 0, 0, 11, 0, 0, 0, 0, 0, 0]
[6, 5, 4, 5, 6, 7, 8, 9, 10, 0, 0, 0, 0, 0, 0]
[0, 0, 3, 0, 0, 0, 9, 10, 11, 0, 0, 0, 0, 0, 0]
[0, 1, 2, 0, 0, 0, 10, 11, 12, 0, 0, 0, 0, 0, 0]

[9, 1] [9, 0, 0]
[9, 2] [9, 1]
[8, 2] [9, 2]
[7, 2] [8, 2]
[[-1, 0, '^'], [0, -1, '<'], [0, 1, '>']] [7, 2] [8, 2]
[6, 2] [7, 2]
[[-1, 0, '^'], [0, -1, '<'], [0, 1, '>']] [6, 2] [7, 2]
[5, 2] [6, 2]
[[-1, 0, '^'], [0, -1, '<'], [0, 1, '>']] [5, 2] [6, 2]
[4, 2] [5, 2]
[[-1, 0, '^'], [0, -1, '<'], [0, 1, '>']] [4, 2] [5, 2]
[3, 2] [4, 2]
[[-1, 0, '^'], [0, 1, '>']] [3, 2] [4, 2]
[2, 2] [3, 2]
[[-1, 0, '^'], [0, 1, '>']] [2, 2] [3, 2]
[1, 2] [2, 2]
[[-1, 0, '^'], [0, -1, '<']] [1, 2] [2, 2]
[0, 2] [1, 2]
[0, 1] [0, 2]
[0, 0] [0, 1]
***************
[[-1, 0, '^'], [0, -1, '<']]
[1, 2]
[1, 1]
[[-1, 0, '^'], [0, -1, '<']] [1, 1] [2, 2]
[0, 1] [1, 1]
[0, 0] [0, 1]
***************
[[-1, 0, '^'], [0, -1, '<']]
[1, 1]
[1, 0]
[0, 0] [1, 0]
***************
[[0, -1, '<']]
[1, 1]
Fuck YOU [2, 2]
***************
[[0, -1, '<']]
[1, 2]
Fuck YOU [2, 2]
***************
[[-1, 0, '^'], [0, 1, '>']]
[2, 2]
[2, 3]
[2, 4] [2, 3]
[[-1, 0, '^'], [0, 1, '>']] [2, 4] [2, 3]
[1, 4] [2, 4]
[[-1, 0, '^'], [0, 1, '>']] [1, 4] [2, 4]
[0, 4] [1, 4]
[0, 5] [0, 4]
***************
[[-1, 0, '^'], [0, 1, '>']]
[1, 4]
[1, 5]
[[-1, 0, '^'], [0, 1, '>']] [1, 5] [2, 4]
[0, 5] [1, 5]
***************
[[-1, 0, '^'], [0, 1, '>']]
[1, 5]
[1, 6]
***************
[[0, 1, '>']]
[1, 5]
Fuck YOU [2, 4]
***************
[[0, 1, '>']]
[1, 4]
Fuck YOU [2, 4]
***************
[[-1, 0, '^'], [0, 1, '>']]
[2, 4]
[2, 5]
[[-1, 0, '^'], [0, 1, '>']] [2, 5] [2, 3]
[1, 5] [2, 5]
[[-1, 0, '^'], [0, 1, '>']] [1, 5] [2, 5]
[0, 5] [1, 5]
***************
[[-1, 0, '^'], [0, 1, '>']]
[1, 5]
[1, 6]
***************
[[0, 1, '>']]
[1, 5]
Fuck YOU [2, 5]
***************
[[-1, 0, '^'], [0, 1, '>']]
[2, 5]
[2, 6]
[[-1, 0, '^'], [0, 1, '>']] [2, 6] [2, 3]
[1, 6] [2, 6]
***************
[[-1, 0, '^'], [0, 1, '>']]
[2, 6]
[2, 7]
***************
[[0, 1, '>']]
[2, 6]
Fuck YOU [2, 3]
***************
[[0, 1, '>']]
[2, 5]
Fuck YOU [2, 3]
***************
[[0, 1, '>']]
[2, 4]
Fuck YOU [2, 3]
***************
[[0, 1, '>']]
[2, 2]
Fuck YOU [3, 2]
***************
[[-1, 0, '^'], [0, 1, '>']]
[3, 2]
[3, 3]
[[-1, 0, '^'], [0, 1, '>']] [3, 3] [4, 2]
[2, 3] [3, 3]
[2, 4] [2, 3]
[[-1, 0, '^'], [0, 1, '>']] [2, 4] [2, 3]
[1, 4] [2, 4]
[[-1, 0, '^'], [0, 1, '>']] [1, 4] [2, 4]
[0, 4] [1, 4]
[0, 5] [0, 4]
***************
[[-1, 0, '^'], [0, 1, '>']]
[1, 4]
[1, 5]
[[-1, 0, '^'], [0, 1, '>']] [1, 5] [2, 4]
[0, 5] [1, 5]
***************
[[-1, 0, '^'], [0, 1, '>']]
[1, 5]
[1, 6]
***************
[[0, 1, '>']]
[1, 5]
Fuck YOU [2, 4]
***************
[[0, 1, '>']]
[1, 4]
Fuck YOU [2, 4]
***************
[[-1, 0, '^'], [0, 1, '>']]
[2, 4]
[2, 5]
[[-1, 0, '^'], [0, 1, '>']] [2, 5] [2, 3]
[1, 5] [2, 5]
[[-1, 0, '^'], [0, 1, '>']] [1, 5] [2, 5]
[0, 5] [1, 5]
***************
[[-1, 0, '^'], [0, 1, '>']]
[1, 5]
[1, 6]
***************
[[0, 1, '>']]
[1, 5]
Fuck YOU [2, 5]
***************
[[-1, 0, '^'], [0, 1, '>']]
[2, 5]
[2, 6]
[[-1, 0, '^'], [0, 1, '>']] [2, 6] [2, 3]
[1, 6] [2, 6]
***************
[[-1, 0, '^'], [0, 1, '>']]
[2, 6]
[2, 7]
***************
[[0, 1, '>']]
[2, 6]
Fuck YOU [2, 3]
***************
[[0, 1, '>']]
[2, 5]
Fuck YOU [2, 3]
***************
[[0, 1, '>']]
[2, 4]
Fuck YOU [2, 3]
***************
[[-1, 0, '^'], [0, 1, '>']]
[3, 3]
[3, 4]
[[-1, 0, '^'], [0, 1, '>']] [3, 4] [4, 2]
[2, 4] [3, 4]
[[-1, 0, '^'], [0, 1, '>']] [2, 4] [3, 4]
[1, 4] [2, 4]
[[-1, 0, '^'], [0, 1, '>']] [1, 4] [2, 4]
[0, 4] [1, 4]
[0, 5] [0, 4]
***************
[[-1, 0, '^'], [0, 1, '>']]
[1, 4]
[1, 5]
[[-1, 0, '^'], [0, 1, '>']] [1, 5] [2, 4]
[0, 5] [1, 5]
***************
[[-1, 0, '^'], [0, 1, '>']]
[1, 5]
[1, 6]
***************
[[0, 1, '>']]
[1, 5]
Fuck YOU [2, 4]
***************
[[0, 1, '>']]
[1, 4]
Fuck YOU [2, 4]
***************
[[-1, 0, '^'], [0, 1, '>']]
[2, 4]
[2, 5]
[[-1, 0, '^'], [0, 1, '>']] [2, 5] [3, 4]
[1, 5] [2, 5]
[[-1, 0, '^'], [0, 1, '>']] [1, 5] [2, 5]
[0, 5] [1, 5]
***************
[[-1, 0, '^'], [0, 1, '>']]
[1, 5]
[1, 6]
***************
[[0, 1, '>']]
[1, 5]
Fuck YOU [2, 5]
***************
[[-1, 0, '^'], [0, 1, '>']]
[2, 5]
[2, 6]
[[-1, 0, '^'], [0, 1, '>']] [2, 6] [3, 4]
[1, 6] [2, 6]
***************
[[-1, 0, '^'], [0, 1, '>']]
[2, 6]
[2, 7]
***************
[[0, 1, '>']]
[2, 6]
Fuck YOU [3, 4]
***************
[[0, 1, '>']]
[2, 5]
Fuck YOU [3, 4]
***************
[[0, 1, '>']]
[2, 4]
Fuck YOU [3, 4]
***************
[[-1, 0, '^'], [0, 1, '>']]
[3, 4]
[3, 5]
[[-1, 0, '^'], [0, 1, '>']] [3, 5] [4, 2]
[2, 5] [3, 5]
[[-1, 0, '^'], [0, 1, '>']] [2, 5] [3, 5]
[1, 5] [2, 5]
[[-1, 0, '^'], [0, 1, '>']] [1, 5] [2, 5]
[0, 5] [1, 5]
***************
[[-1, 0, '^'], [0, 1, '>']]
[1, 5]
[1, 6]
***************
[[0, 1, '>']]
[1, 5]
Fuck YOU [2, 5]
***************
[[-1, 0, '^'], [0, 1, '>']]
[2, 5]
[2, 6]
[[-1, 0, '^'], [0, 1, '>']] [2, 6] [3, 5]
[1, 6] [2, 6]
***************
[[-1, 0, '^'], [0, 1, '>']]
[2, 6]
[2, 7]
***************
[[0, 1, '>']]
[2, 6]
Fuck YOU [3, 5]
***************
[[0, 1, '>']]
[2, 5]
Fuck YOU [3, 5]
***************
[[-1, 0, '^'], [0, 1, '>']]
[3, 5]
[3, 6]
[[-1, 0, '^'], [0, 1, '>']] [3, 6] [4, 2]
[2, 6] [3, 6]
[[-1, 0, '^'], [0, 1, '>']] [2, 6] [3, 6]
[1, 6] [2, 6]
***************
[[-1, 0, '^'], [0, 1, '>']]
[2, 6]
[2, 7]
***************
[[0, 1, '>']]
[2, 6]
Fuck YOU [3, 6]
***************
[[-1, 0, '^'], [0, 1, '>']]
[3, 6]
[3, 7]
[[-1, 0, '^'], [0, 1, '>']] [3, 7] [4, 2]
[2, 7] [3, 7]
***************
[[-1, 0, '^'], [0, 1, '>']]
[3, 7]
[3, 8]
[' ', '<', '<', ' ', '>', ' ', ' ', ' ', ' ', ' ', ' ', ' ', ' ', ' ', ' ']
['^', '<', '<', ' ', '>', '>', ' ', ' ', ' ', ' ', ' ', ' ', ' ', ' ', ' ']
[' ', ' ', '>', '>', '>', '>', '>', ' ', ' ', ' ', ' ', ' ', ' ', ' ', ' ']
[' ', ' ', '>', '>', '>', '>', '>', '>', 'g', ' ', ' ', ' ', ' ', ' ', ' ']
[' ', ' ', '^', ' ', ' ', ' ', ' ', ' ', ' ', ' ', ' ', ' ', ' ', ' ', ' ']
[' ', ' ', '^', ' ', ' ', ' ', ' ', ' ', ' ', ' ', ' ', ' ', ' ', ' ', ' ']
[' ', ' ', '^', ' ', ' ', ' ', ' ', ' ', ' ', ' ', ' ', ' ', ' ', ' ', ' ']
[' ', ' ', '^', ' ', ' ', ' ', ' ', ' ', ' ', ' ', ' ', ' ', ' ', ' ', ' ']
[' ', ' ', '^', ' ', ' ', ' ', ' ', ' ', ' ', ' ', ' ', ' ', ' ', ' ', ' ']
['>', '>', '^', ' ', ' ', ' ', ' ', ' ', ' ', ' ', ' ', ' ', ' ', ' ', ' ']
